2013-12-20 19:57:54.356 [Worker-1] INFO    com.objectaid.uml.model.manage.DiagramManager getFactories: com.objectaid.uml.diagramFactories[ucls]: com.objectaid.uml.cls.model.ClassDiagramFactory@324a5d64
2013-12-20 19:57:54.463 [Worker-1] INFO    com.objectaid.uml.model.manage.DiagramManager getFactories: com.objectaid.uml.diagramFactories[useq]: com.objectaid.uml.seq.model.SequenceDiagramFactory@65db6659
2013-12-21 00:01:41.062 [ModalContext] INFO    com.objectaid.uml.model.manage.LanguageElementManager getLanguageElementFactories: com.objectaid.uml.languageElementFactories: com.objectaid.uml.java.JavaElementFactory
2013-12-21 00:48:50.467 [main] INFO    com.objectaid.uml.util.extend.ExecutableExtensionManager loadExtensions: found com.objectaid.uml.renderFormats="com.objectaid.uml.render.RasterRenderFormat" class="com.objectaid.uml.render.RasterRenderFormat" name="PNG" extension="png" antialias="true" format="5" 
2013-12-21 00:48:50.491 [main] INFO    com.objectaid.uml.util.extend.ExecutableExtensionManager loadExtensions: found com.objectaid.uml.renderFormats="com.objectaid.uml.render.RasterRenderFormat" class="com.objectaid.uml.render.RasterRenderFormat" name="JPEG" extension="jpg" antialias="true" format="4" 
2013-12-21 00:48:50.491 [main] INFO    com.objectaid.uml.util.extend.ExecutableExtensionManager loadExtensions: found com.objectaid.uml.renderFormats="com.objectaid.uml.render.IndexedRasterRenderFormat" class="com.objectaid.uml.render.IndexedRasterRenderFormat" name="GIF" extension="gif" antialias="false" format="2" 
2013-12-21 00:48:50.492 [main] WARNING com.objectaid.uml.util.EclipseHelper loadClass: cannot find com.objectaid.uml.addon.render.SVGRenderFormat in [], no license for [com.objectaid.uml.addon]
2013-12-21 00:48:50.493 [main] INFO    com.objectaid.uml.util.extend.ExecutableExtensionManager loadExtensions: found com.objectaid.uml.renderFormats='com.objectaid.uml.addon.render.SVGRenderFormat' but cannot load class
2013-12-21 00:48:50.493 [main] WARNING com.objectaid.uml.util.EclipseHelper loadClass: cannot find com.objectaid.uml.addon.render.PDFRenderFormat in [], no license for [com.objectaid.uml.addon]
2013-12-21 00:48:50.494 [main] INFO    com.objectaid.uml.util.extend.ExecutableExtensionManager loadExtensions: found com.objectaid.uml.renderFormats='com.objectaid.uml.addon.render.PDFRenderFormat' but cannot load class
2013-12-21 00:49:07.980 [main] WARNING com.objectaid.uml.util.EclipseHelper loadClass: cannot find com.objectaid.uml.addon.doc.TextLink in [], no license for [com.objectaid.uml.addon]
2013-12-21 00:49:07.980 [main] WARNING com.objectaid.uml.util.EclipseHelper loadClass: cannot find com.objectaid.uml.addon.doc.TextLinkEditPart in [], no license for [com.objectaid.uml.addon]
2013-12-21 00:49:07.981 [main] WARNING com.objectaid.uml.util.EclipseHelper loadClass: cannot find com.objectaid.uml.addon.doc.PTextLink in [], no license for [com.objectaid.uml.addon]
2013-12-21 00:49:07.982 [main] WARNING com.objectaid.uml.util.EclipseHelper loadClass: cannot find com.objectaid.uml.model.diagram.ConnectionEnd in [], no license for [com.objectaid.uml.addon]
2013-12-21 00:49:07.982 [main] WARNING com.objectaid.uml.util.EclipseHelper loadClass: cannot find com.objectaid.uml.model.persistence.PersistedConnectionEnd in [], no license for [com.objectaid.uml.addon]
2013-12-21 00:49:07.983 [main] WARNING com.objectaid.uml.util.EclipseHelper loadClass: cannot find com.objectaid.uml.addon.doc.TextNodeDefinition in [com.objectaid.uml.cls], no license for [com.objectaid.uml.addon]
2013-12-21 00:49:08.662 [main] WARNING com.objectaid.uml.util.EclipseHelper loadClass: cannot find com.objectaid.uml.addon.doc.TextDiagramEditPolicy in [], no license for [com.objectaid.uml.addon]
2013-12-21 00:49:13.379 [main] WARNING com.objectaid.uml.util.EclipseHelper loadClass: cannot find com.objectaid.uml.addon.doc.TextLinkCreationEditPolicy in [], no license for [com.objectaid.uml.addon]
2013-12-21 00:49:13.394 [main] WARNING com.objectaid.uml.util.EclipseHelper loadClass: cannot find com.objectaid.uml.addon.doc.TextLinkCreationEditPolicy in [], no license for [com.objectaid.uml.addon]
2013-12-21 00:49:13.400 [main] WARNING com.objectaid.uml.util.EclipseHelper loadClass: cannot find com.objectaid.uml.addon.doc.TextLinkCreationEditPolicy in [], no license for [com.objectaid.uml.addon]
2013-12-21 00:49:13.413 [main] WARNING com.objectaid.uml.util.EclipseHelper loadClass: cannot find com.objectaid.uml.addon.doc.TextLinkCreationEditPolicy in [], no license for [com.objectaid.uml.addon]
2013-12-21 00:49:13.418 [main] WARNING com.objectaid.uml.util.EclipseHelper loadClass: cannot find com.objectaid.uml.addon.doc.TextLinkCreationEditPolicy in [], no license for [com.objectaid.uml.addon]
2013-12-21 00:49:13.610 [main] WARNING com.objectaid.uml.util.EclipseHelper loadClass: cannot find com.objectaid.uml.addon.java.action.CopyQualifiedNameActionRunnable in [], no license for [com.objectaid.uml.addon.java]
2013-12-21 00:49:13.613 [main] WARNING com.objectaid.uml.util.EclipseHelper loadClass: cannot find com.objectaid.uml.seq.java.AddCalledMethodsActionRunnable in [], no license for [com.objectaid.uml.seq.java]
2013-12-21 00:49:20.905 [main] WARNING com.objectaid.uml.util.EclipseHelper loadClass: cannot find com.objectaid.uml.addon.doc.TextLinkCreationEditPolicy in [], no license for [com.objectaid.uml.addon]
2013-12-21 00:49:20.912 [main] WARNING com.objectaid.uml.util.EclipseHelper loadClass: cannot find com.objectaid.uml.addon.doc.TextLinkCreationEditPolicy in [], no license for [com.objectaid.uml.addon]
2013-12-21 00:49:20.916 [main] WARNING com.objectaid.uml.util.EclipseHelper loadClass: cannot find com.objectaid.uml.addon.doc.TextLinkCreationEditPolicy in [], no license for [com.objectaid.uml.addon]
2013-12-21 00:49:20.923 [main] WARNING com.objectaid.uml.util.EclipseHelper loadClass: cannot find com.objectaid.uml.addon.doc.TextLinkCreationEditPolicy in [], no license for [com.objectaid.uml.addon]
2013-12-21 00:49:20.930 [main] WARNING com.objectaid.uml.util.EclipseHelper loadClass: cannot find com.objectaid.uml.addon.edit.MultiplicityDirectEditPolicy in [], no license for [com.objectaid.uml.addon]
2013-12-21 00:49:20.932 [main] WARNING com.objectaid.uml.util.EclipseHelper loadClass: cannot find com.objectaid.uml.addon.doc.TextLinkCreationEditPolicy in [], no license for [com.objectaid.uml.addon]
2013-12-21 00:49:20.932 [main] WARNING com.objectaid.uml.util.EclipseHelper loadClass: cannot find com.objectaid.uml.addon.edit.MultiplicityDirectEditPolicy in [], no license for [com.objectaid.uml.addon]
2013-12-21 00:49:24.633 [main] WARNING com.objectaid.uml.util.EclipseHelper loadClass: cannot find com.objectaid.uml.addon.doc.TextLinkCreationEditPolicy in [], no license for [com.objectaid.uml.addon]
2013-12-21 00:49:24.636 [main] WARNING com.objectaid.uml.util.EclipseHelper loadClass: cannot find com.objectaid.uml.addon.doc.TextLinkCreationEditPolicy in [], no license for [com.objectaid.uml.addon]
2013-12-21 00:49:24.638 [main] WARNING com.objectaid.uml.util.EclipseHelper loadClass: cannot find com.objectaid.uml.addon.doc.TextLinkCreationEditPolicy in [], no license for [com.objectaid.uml.addon]
2013-12-21 00:49:38.575 [main] WARNING com.objectaid.uml.util.EclipseHelper loadClass: cannot find com.objectaid.uml.addon.cls.menu.DependencyContextMenuProvider in [], no license for [com.objectaid.uml.addon.cls]
2013-12-21 00:49:38.576 [main] INFO    com.objectaid.uml.util.extend.ExecutableExtensionManager loadExtensions: found com.objectaid.uml.contextMenuProviders='com.objectaid.uml.addon.cls.menu.DependencyContextMenuProvider' but cannot load class
2013-12-21 00:49:38.577 [main] INFO    com.objectaid.uml.util.extend.ExecutableExtensionManager loadExtensions: found com.objectaid.uml.contextMenuProviders="com.objectaid.uml.cls.editor.ClassDiagramContextMenuProvider" class="com.objectaid.uml.cls.editor.ClassDiagramContextMenuProvider" id="class-diagram-menu" diagramExt="ucls" 
2013-12-21 00:49:38.578 [main] WARNING com.objectaid.uml.util.EclipseHelper loadClass: cannot find com.objectaid.uml.seq.editor.SequenceDiagramContextMenuProvider in [], no license for [com.objectaid.uml.seq]
2013-12-21 00:49:38.578 [main] INFO    com.objectaid.uml.util.extend.ExecutableExtensionManager loadExtensions: found com.objectaid.uml.contextMenuProviders='com.objectaid.uml.seq.editor.SequenceDiagramContextMenuProvider' but cannot load class
2013-12-21 00:49:38.658 [main] INFO    com.objectaid.uml.util.extend.ExecutableExtensionManager loadExtensions: found com.objectaid.uml.accessors="com.objectaid.uml.model.accessor.ReflectionAccessor" id="automatic-image-PNG" property="automaticImage" type="com.objectaid.uml.render.RenderFormatManager" newValue="PNG" 
2013-12-21 00:49:38.659 [main] INFO    com.objectaid.uml.util.extend.ExecutableExtensionManager loadExtensions: found com.objectaid.uml.accessors="com.objectaid.uml.model.accessor.ReflectionAccessor" id="automatic-image-JPEG" property="automaticImage" type="com.objectaid.uml.render.RenderFormatManager" newValue="JPEG" 
2013-12-21 00:49:38.660 [main] INFO    com.objectaid.uml.util.extend.ExecutableExtensionManager loadExtensions: found com.objectaid.uml.accessors="com.objectaid.uml.model.accessor.ReflectionAccessor" id="automatic-image-GIF" property="automaticImage" type="com.objectaid.uml.render.RenderFormatManager" newValue="GIF" 
2013-12-21 00:49:38.660 [main] INFO    com.objectaid.uml.util.extend.ExecutableExtensionManager loadExtensions: found com.objectaid.uml.accessors="com.objectaid.uml.model.accessor.ReflectionAccessor" id="automatic-image-NONE" property="automaticImage" type="com.objectaid.uml.render.RenderFormatManager" newValue="NONE" 
2013-12-21 00:49:38.661 [main] WARNING com.objectaid.uml.util.EclipseHelper loadClass: cannot find com.objectaid.uml.model.accessor.ReflectionAccessor in [], no license for [com.objectaid.uml.addon]
2013-12-21 00:49:38.661 [main] INFO    com.objectaid.uml.util.extend.ExecutableExtensionManager loadExtensions: found com.objectaid.uml.accessors='com.objectaid.uml.model.accessor.ReflectionAccessor' but cannot load class
2013-12-21 00:49:38.662 [main] WARNING com.objectaid.uml.util.EclipseHelper loadClass: cannot find com.objectaid.uml.model.accessor.ReflectionAccessor in [], no license for [com.objectaid.uml.addon]
2013-12-21 00:49:38.662 [main] INFO    com.objectaid.uml.util.extend.ExecutableExtensionManager loadExtensions: found com.objectaid.uml.accessors='com.objectaid.uml.model.accessor.ReflectionAccessor' but cannot load class
2013-12-21 00:49:38.662 [main] WARNING com.objectaid.uml.util.EclipseHelper loadClass: cannot find com.objectaid.uml.model.accessor.ReflectionAccessor in [], no license for [com.objectaid.uml.addon]
2013-12-21 00:49:38.663 [main] INFO    com.objectaid.uml.util.extend.ExecutableExtensionManager loadExtensions: found com.objectaid.uml.accessors='com.objectaid.uml.model.accessor.ReflectionAccessor' but cannot load class
2013-12-21 00:49:38.663 [main] WARNING com.objectaid.uml.util.EclipseHelper loadClass: cannot find com.objectaid.uml.model.accessor.ReflectionAccessor in [], no license for [com.objectaid.uml.addon]
2013-12-21 00:49:38.664 [main] INFO    com.objectaid.uml.util.extend.ExecutableExtensionManager loadExtensions: found com.objectaid.uml.accessors='com.objectaid.uml.model.accessor.ReflectionAccessor' but cannot load class
2013-12-21 00:49:38.664 [main] WARNING com.objectaid.uml.util.EclipseHelper loadClass: cannot find com.objectaid.uml.model.accessor.ReflectionAccessor in [], no license for [com.objectaid.uml.addon]
2013-12-21 00:49:38.665 [main] INFO    com.objectaid.uml.util.extend.ExecutableExtensionManager loadExtensions: found com.objectaid.uml.accessors='com.objectaid.uml.model.accessor.ReflectionAccessor' but cannot load class
2013-12-21 00:49:38.665 [main] INFO    com.objectaid.uml.util.extend.ExecutableExtensionManager loadExtensions: found com.objectaid.uml.accessors="com.objectaid.uml.model.accessor.ReflectionAccessor" id="show-icons" property="showIcons" type="java.lang.Boolean" 
2013-12-21 00:49:38.665 [main] INFO    com.objectaid.uml.util.extend.ExecutableExtensionManager loadExtensions: found com.objectaid.uml.accessors="com.objectaid.uml.model.accessor.ReflectionAccessor" id="show-stereotype" property="displayOptions.showStereotype" type="java.lang.Boolean" 
2013-12-21 00:49:38.666 [main] INFO    com.objectaid.uml.util.extend.ExecutableExtensionManager loadExtensions: found com.objectaid.uml.accessors="com.objectaid.uml.model.accessor.ReflectionAccessor" id="show-package-name" property="displayOptions.showPackageName" type="java.lang.Boolean" 
2013-12-21 00:49:38.666 [main] INFO    com.objectaid.uml.util.extend.ExecutableExtensionManager loadExtensions: found com.objectaid.uml.accessors="com.objectaid.uml.model.accessor.ReflectionAccessor" id="show-visibility" property="displayOptions.showVisibility" type="java.lang.Boolean" 
2013-12-21 00:49:38.667 [main] INFO    com.objectaid.uml.util.extend.ExecutableExtensionManager loadExtensions: found com.objectaid.uml.accessors="com.objectaid.uml.model.accessor.ReflectionAccessor" id="automatic-resize" property="displayOptions.autoSize" type="java.lang.Boolean" 
2013-12-21 00:49:38.667 [main] INFO    com.objectaid.uml.util.extend.ExecutableExtensionManager loadExtensions: found com.objectaid.uml.accessors="com.objectaid.uml.model.accessor.ReflectionAccessor" id="show-attribute-default" property="displayOptions.showAttributeDefault" type="java.lang.Boolean" 
2013-12-21 00:49:38.668 [main] INFO    com.objectaid.uml.util.extend.ExecutableExtensionManager loadExtensions: found com.objectaid.uml.accessors="com.objectaid.uml.model.accessor.ReflectionAccessor" id="show-operation-signature" property="displayOptions.showOperationSignature" type="java.lang.Boolean" 
2013-12-21 00:49:38.668 [main] INFO    com.objectaid.uml.util.extend.ExecutableExtensionManager loadExtensions: found com.objectaid.uml.accessors="com.objectaid.uml.model.accessor.ReflectionAccessor" id="show-public-attributes" property="displayOptions.attributeFilter.showPublic" type="java.lang.Boolean" 
2013-12-21 00:49:38.669 [main] INFO    com.objectaid.uml.util.extend.ExecutableExtensionManager loadExtensions: found com.objectaid.uml.accessors="com.objectaid.uml.model.accessor.ReflectionAccessor" id="show-protected-attributes" property="displayOptions.attributeFilter.showProtected" type="java.lang.Boolean" 
2013-12-21 00:49:38.669 [main] INFO    com.objectaid.uml.util.extend.ExecutableExtensionManager loadExtensions: found com.objectaid.uml.accessors="com.objectaid.uml.model.accessor.ReflectionAccessor" id="show-package-attributes" property="displayOptions.attributeFilter.showPackage" type="java.lang.Boolean" 
2013-12-21 00:49:38.670 [main] INFO    com.objectaid.uml.util.extend.ExecutableExtensionManager loadExtensions: found com.objectaid.uml.accessors="com.objectaid.uml.model.accessor.ReflectionAccessor" id="show-private-attributes" property="displayOptions.attributeFilter.showPrivate" type="java.lang.Boolean" 
2013-12-21 00:49:38.670 [main] INFO    com.objectaid.uml.util.extend.ExecutableExtensionManager loadExtensions: found com.objectaid.uml.accessors="com.objectaid.uml.model.accessor.ReflectionAccessor" id="show-static-attributes" property="displayOptions.attributeFilter.showStatic" type="java.lang.Boolean" 
2013-12-21 00:49:38.672 [main] INFO    com.objectaid.uml.util.extend.ExecutableExtensionManager loadExtensions: found com.objectaid.uml.accessors="com.objectaid.uml.model.accessor.ReflectionAccessor" id="show-all-attributes" property="displayOptions.attributeFilter.show" type="java.lang.Boolean" newValue="true" 
2013-12-21 00:49:38.672 [main] INFO    com.objectaid.uml.util.extend.ExecutableExtensionManager loadExtensions: found com.objectaid.uml.accessors="com.objectaid.uml.model.accessor.ReflectionAccessor" id="show-no-attributes" property="displayOptions.attributeFilter.show" type="java.lang.Boolean" newValue="false" 
2013-12-21 00:49:38.673 [main] INFO    com.objectaid.uml.util.extend.ExecutableExtensionManager loadExtensions: found com.objectaid.uml.accessors="com.objectaid.uml.model.accessor.ReflectionAccessor" id="show-public-operations" property="displayOptions.operationFilter.showPublic" type="java.lang.Boolean" 
2013-12-21 00:49:38.673 [main] INFO    com.objectaid.uml.util.extend.ExecutableExtensionManager loadExtensions: found com.objectaid.uml.accessors="com.objectaid.uml.model.accessor.ReflectionAccessor" id="show-protected-operations" property="displayOptions.operationFilter.showProtected" type="java.lang.Boolean" 
2013-12-21 00:49:38.673 [main] INFO    com.objectaid.uml.util.extend.ExecutableExtensionManager loadExtensions: found com.objectaid.uml.accessors="com.objectaid.uml.model.accessor.ReflectionAccessor" id="show-package-operations" property="displayOptions.operationFilter.showPackage" type="java.lang.Boolean" 
2013-12-21 00:49:38.674 [main] INFO    com.objectaid.uml.util.extend.ExecutableExtensionManager loadExtensions: found com.objectaid.uml.accessors="com.objectaid.uml.model.accessor.ReflectionAccessor" id="show-private-operations" property="displayOptions.operationFilter.showPrivate" type="java.lang.Boolean" 
2013-12-21 00:49:38.674 [main] INFO    com.objectaid.uml.util.extend.ExecutableExtensionManager loadExtensions: found com.objectaid.uml.accessors="com.objectaid.uml.model.accessor.ReflectionAccessor" id="show-static-operations" property="displayOptions.operationFilter.showStatic" type="java.lang.Boolean" 
2013-12-21 00:49:38.675 [main] INFO    com.objectaid.uml.util.extend.ExecutableExtensionManager loadExtensions: found com.objectaid.uml.accessors="com.objectaid.uml.model.accessor.ReflectionAccessor" id="show-all-operations" property="displayOptions.operationFilter.show" type="java.lang.Boolean" newValue="true" 
2013-12-21 00:49:38.675 [main] INFO    com.objectaid.uml.util.extend.ExecutableExtensionManager loadExtensions: found com.objectaid.uml.accessors="com.objectaid.uml.model.accessor.ReflectionAccessor" id="show-no-operations" property="displayOptions.operationFilter.show" type="java.lang.Boolean" newValue="false" 
2013-12-21 00:49:38.675 [main] INFO    com.objectaid.uml.util.extend.ExecutableExtensionManager loadExtensions: found com.objectaid.uml.accessors="com.objectaid.uml.model.accessor.ReflectionAccessor" id="show-labels" property="associationDisplayOptions.showLabels" type="java.lang.Boolean" 
2013-12-21 00:49:38.676 [main] INFO    com.objectaid.uml.util.extend.ExecutableExtensionManager loadExtensions: found com.objectaid.uml.accessors="com.objectaid.uml.model.accessor.ReflectionAccessor" id="show-multiplicity" property="associationDisplayOptions.showMultiplicity" type="java.lang.Boolean" 
2013-12-21 00:49:38.676 [main] INFO    com.objectaid.uml.util.extend.ExecutableExtensionManager loadExtensions: found com.objectaid.uml.accessors="com.objectaid.uml.model.accessor.ReflectionAccessor" id="auto-locate" property="position" type="org.eclipse.draw2d.geometry.Rectangle" 
2013-12-21 00:49:38.677 [main] INFO    com.objectaid.uml.util.extend.ExecutableExtensionManager loadExtensions: found com.objectaid.uml.accessors="com.objectaid.uml.model.accessor.ReflectionAccessor" id="corner-top-left" property="selfConnectionCorner" newValue="TOP_LEFT" type="com.objectaid.uml.model.diagram.NodeCorner" 
2013-12-21 00:49:38.678 [main] INFO    com.objectaid.uml.util.extend.ExecutableExtensionManager loadExtensions: found com.objectaid.uml.accessors="com.objectaid.uml.model.accessor.ReflectionAccessor" id="corner-top-right" property="selfConnectionCorner" newValue="TOP_RIGHT" type="com.objectaid.uml.model.diagram.NodeCorner" 
2013-12-21 00:49:38.678 [main] INFO    com.objectaid.uml.util.extend.ExecutableExtensionManager loadExtensions: found com.objectaid.uml.accessors="com.objectaid.uml.model.accessor.ReflectionAccessor" id="corner-bottom-left" property="selfConnectionCorner" newValue="BOTTOM_LEFT" type="com.objectaid.uml.model.diagram.NodeCorner" 
2013-12-21 00:49:38.679 [main] INFO    com.objectaid.uml.util.extend.ExecutableExtensionManager loadExtensions: found com.objectaid.uml.accessors="com.objectaid.uml.model.accessor.ReflectionAccessor" id="corner-bottom-right" property="selfConnectionCorner" newValue="BOTTOM_RIGHT" type="com.objectaid.uml.model.diagram.NodeCorner" 
2013-12-21 00:49:38.679 [main] INFO    com.objectaid.uml.util.extend.ExecutableExtensionManager loadExtensions: found com.objectaid.uml.accessors="com.objectaid.uml.model.accessor.ReflectionAccessor" id="always-add-relationships" property="relationshipAddOptions.alwaysAddRelationships" type="java.lang.Boolean" 
2013-12-21 00:49:38.680 [main] INFO    com.objectaid.uml.util.extend.ExecutableExtensionManager loadExtensions: found com.objectaid.uml.accessors="com.objectaid.uml.model.accessor.ReflectionAccessor" id="add-generalizations" property="relationshipAddOptions.addGeneralizations" type="java.lang.Boolean" 
2013-12-21 00:49:38.680 [main] INFO    com.objectaid.uml.util.extend.ExecutableExtensionManager loadExtensions: found com.objectaid.uml.accessors="com.objectaid.uml.model.accessor.ReflectionAccessor" id="add-realizations" property="relationshipAddOptions.addRealizations" type="java.lang.Boolean" 
2013-12-21 00:49:38.681 [main] INFO    com.objectaid.uml.util.extend.ExecutableExtensionManager loadExtensions: found com.objectaid.uml.accessors="com.objectaid.uml.model.accessor.ReflectionAccessor" id="add-associations" property="relationshipAddOptions.addAssociations" type="java.lang.Boolean" 
2013-12-21 00:49:38.681 [main] INFO    com.objectaid.uml.util.extend.ExecutableExtensionManager loadExtensions: found com.objectaid.uml.accessors="com.objectaid.uml.model.accessor.ReflectionAccessor" id="add-dependencies" property="relationshipAddOptions.addDependencies" type="java.lang.Boolean" 
2013-12-21 00:49:38.682 [main] INFO    com.objectaid.uml.util.extend.ExecutableExtensionManager loadExtensions: found com.objectaid.uml.accessors="com.objectaid.uml.model.accessor.ReflectionAccessor" id="add-nesting-relationships" property="relationshipAddOptions.addNestingRelationships" type="java.lang.Boolean" 
